<?xml version="1.0" encoding="UTF-8"?>
<!-- Generated by org.testng.reporters.JUnitXMLReporter -->
<testsuite ignored="1" hostname="SivaSuman" failures="0" tests="2" name="Car Loan" time="0.014" errors="0" timestamp="2024-03-10T20:13:37 EDT">
  <testcase classname="test.day3" name="MobileloginHomeLoan" time="0.003"/>
  <testcase classname="test.day3" name="WebLoginHomeLoan" time="0.004"/>
  <testcase classname="test.day3" name="LoginAPIHomeLoan" time="0.0">
    <ignored/>
  </testcase> <!-- LoginAPIHomeLoan -->
</testsuite> <!-- Car Loan -->
