<?xml version="1.0" encoding="UTF-8"?>
<testng-results ignored="0" total="2" passed="2" failed="0" skipped="0">
  <reporter-output>
  </reporter-output>
  <suite started-at="2024-03-11T21:05:33 EDT" name="Default suite" finished-at="2024-03-11T21:05:33 EDT" duration-ms="59">
    <groups>
    </groups>
    <test started-at="2024-03-11T21:05:33 EDT" name="Default test" finished-at="2024-03-11T21:05:33 EDT" duration-ms="59">
      <class name="practise.class2">
        <test-method is-config="true" signature="test1()[pri:0, instance:practise.class2@5ae50ce6]" started-at="2024-03-11T21:05:33 EDT" name="test1" finished-at="2024-03-11T21:05:33 EDT" duration-ms="5" status="PASS">
          <reporter-output>
          </reporter-output>
        </test-method> <!-- test1 -->
        <test-method signature="method2()[pri:0, instance:practise.class2@5ae50ce6]" started-at="2024-03-11T21:05:33 EDT" name="method2" finished-at="2024-03-11T21:05:33 EDT" duration-ms="10" status="PASS">
          <reporter-output>
          </reporter-output>
        </test-method> <!-- method2 -->
        <test-method is-config="true" signature="test2()[pri:0, instance:practise.class2@5ae50ce6]" started-at="2024-03-11T21:05:33 EDT" name="test2" finished-at="2024-03-11T21:05:33 EDT" duration-ms="1" status="PASS">
          <reporter-output>
          </reporter-output>
        </test-method> <!-- test2 -->
        <test-method is-config="true" signature="test1()[pri:0, instance:practise.class2@5ae50ce6]" started-at="2024-03-11T21:05:33 EDT" name="test1" finished-at="2024-03-11T21:05:33 EDT" duration-ms="1" status="PASS">
          <reporter-output>
          </reporter-output>
        </test-method> <!-- test1 -->
        <test-method signature="method3()[pri:0, instance:practise.class2@5ae50ce6]" started-at="2024-03-11T21:05:33 EDT" name="method3" finished-at="2024-03-11T21:05:33 EDT" duration-ms="2" status="PASS">
          <reporter-output>
          </reporter-output>
        </test-method> <!-- method3 -->
        <test-method is-config="true" signature="test2()[pri:0, instance:practise.class2@5ae50ce6]" started-at="2024-03-11T21:05:33 EDT" name="test2" finished-at="2024-03-11T21:05:33 EDT" duration-ms="0" status="PASS">
          <reporter-output>
          </reporter-output>
        </test-method> <!-- test2 -->
      </class> <!-- practise.class2 -->
    </test> <!-- Default test -->
  </suite> <!-- Default suite -->
</testng-results>
